<?xml version="1.0" encoding="UTF-8"?>
<!-- Generated by org.testng.reporters.JUnitReportReporter -->
<testsuite hostname="daz.local" name="com.daz.crossbrowserTest.crossbrowserTest.VerifyTitle" tests="3" failures="0" timestamp="16 Sep 2015 17:47:57 GMT" time="32.562" errors="0">
  <testcase name="VerifyPageTitle" time="10.673" classname="com.daz.crossbrowserTest.crossbrowserTest.VerifyTitle"/>
  <testcase name="VerifyPageTitle" time="10.809" classname="com.daz.crossbrowserTest.crossbrowserTest.VerifyTitle"/>
  <testcase name="VerifyPageTitle" time="11.080" classname="com.daz.crossbrowserTest.crossbrowserTest.VerifyTitle"/>
</testsuite> <!-- com.daz.crossbrowserTest.crossbrowserTest.VerifyTitle -->
